2014-11-24 12:24:56.835413:
    #########################################################
                             started
    #########################################################
    
2014-11-24 12:26:37.443174:
    #########################################################
                             started
    #########################################################
    
2014-11-24 12:27:23.746929:
    #########################################################
                             started
    #########################################################
    
2014-11-24 12:27:24.113963:
    Tower 4 :
        range 1000
        fire rate 1000
        last fire 1416828444113.5728
        <super: <class 'Tower'>, <Tower object>>
    Tower 5 :
        range 500
        fire rate 500
        last fire 1416828444113.6172
        <super: <class 'Tower'>, <Tower object>>
    Missile 7 : 
        dammages 100
        max speed 6
        targetId 6
        <super: <class 'Missile'>, <Missile object>>
    Troop 6 : 
        flag path     FlagPath : 
            Flag 1 : 
                <super: <class 'Flag'>, <Flag object>>
            
            Flag 2 : 
                <super: <class 'Flag'>, <Flag object>>
            
            Flag 3 : 
                <super: <class 'Flag'>, <Flag object>>
            
            <super: <class 'FlagPath'>, <FlagPath object>>
        
        finalTarget     EnnemyBase 0 
            <super: <class 'EnnemyBase'>, <EnnemyBase object>>
        
        actFlagIndex 1
        <super: <class 'Troop'>, <Troop object>>
    EnnemyBase 0 
        <super: <class 'EnnemyBase'>, <EnnemyBase object>>
    Flag 1 : 
        <super: <class 'Flag'>, <Flag object>>
    Flag 2 : 
        <super: <class 'Flag'>, <Flag object>>
    Flag 3 : 
        <super: <class 'Flag'>, <Flag object>>
    
2014-11-24 12:31:33.327690:
    #########################################################
                             started
    #########################################################
    
2014-11-24 12:31:33.646245:
    Tower 4 :
        range 1000
        fire rate 1000
        last fire 1416828693645.7163
        GameObject 4 : 
            Position (435, 607)
            Vitesse (0, 0)
            Existe True
        
    Tower 5 :
        range 1000
        fire rate 1000
        last fire 1416828693645.785
        GameObject 5 : 
            Position (796, 49)
            Vitesse (0, 0)
            Existe True
        
    Missile 7 : 
        dammages 300
        max speed 3
        targetId 6
        GameObject 7 : 
            Position (604, 917)
            Vitesse (0, 0)
            Existe True
        
    Troop 6 : 
        flag path     FlagPath : 
            Flag 1 : 
                GameObject 1 : 
                    Position (600, 100)
                    Vitesse (0, 0)
                    Existe True
                
            
            Flag 2 : 
                GameObject 2 : 
                    Position (500, 500)
                    Vitesse (0, 0)
                    Existe True
                
            
            Flag 3 : 
                GameObject 3 : 
                    Position (250, 250)
                    Vitesse (0, 0)
                    Existe True
                
            
            <model.gameObjs.FlagPath object at 0xb605092c>
        
        finalTarget     EnnemyBase 0 
            GameObject 0 : 
                Position (0, 0)
                Vitesse (0, 0)
                Existe True
            
        
        actFlagIndex 1
        Missile 6 : 
            dammages 300
            max speed 2
            targetId 2
            GameObject 6 : 
                Position (514, 368)
                Vitesse (0, 0)
                Existe True
            
        
    EnnemyBase 0 
        GameObject 0 : 
            Position (0, 0)
            Vitesse (0, 0)
            Existe True
        
    Flag 1 : 
        GameObject 1 : 
            Position (600, 100)
            Vitesse (0, 0)
            Existe True
        
    Flag 2 : 
        GameObject 2 : 
            Position (500, 500)
            Vitesse (0, 0)
            Existe True
        
    Flag 3 : 
        GameObject 3 : 
            Position (250, 250)
            Vitesse (0, 0)
            Existe True
        
    
